<?xml version="1.0" encoding="UTF-8"?>
<testng-results skipped="0" failed="0" total="1" passed="1">
  <reporter-output>
  </reporter-output>
  <suite name="Surefire suite" duration-ms="12486" started-at="2019-02-06T06:32:29Z" finished-at="2019-02-06T06:32:42Z">
    <groups>
      <group name="cucumber">
        <method signature="AbstractTestNGCucumberTests.feature(cucumber.api.testng.CucumberFeatureWrapper)[pri:0, instance:com.project.CucumberJvmTest@6d467c87]" name="feature" class="cucumber.api.testng.AbstractTestNGCucumberTests"/>
      </group> <!-- cucumber -->
    </groups>
    <test name="Surefire test" duration-ms="12486" started-at="2019-02-06T06:32:29Z" finished-at="2019-02-06T06:32:42Z">
      <class name="com.project.CucumberJvmTest">
        <test-method status="PASS" signature="setUpClass()[pri:0, instance:com.project.CucumberJvmTest@6d467c87]" name="setUpClass" is-config="true" duration-ms="900" started-at="2019-02-06T09:32:29Z" finished-at="2019-02-06T09:32:30Z">
          <reporter-output>
          </reporter-output>
        </test-method> <!-- setUpClass -->
        <test-method status="PASS" signature="feature(cucumber.api.testng.CucumberFeatureWrapper)[pri:0, instance:com.project.CucumberJvmTest@6d467c87]" name="feature" duration-ms="11362" started-at="2019-02-06T09:32:30Z" description="Runs Cucumber Feature" data-provider="features" finished-at="2019-02-06T09:32:42Z">
          <params>
            <param index="0">
              <value>
                <![CDATA[Language feature]]>
              </value>
            </param>
          </params>
          <reporter-output>
          </reporter-output>
        </test-method> <!-- feature -->
        <test-method status="PASS" signature="tearDownClass()[pri:0, instance:com.project.CucumberJvmTest@6d467c87]" name="tearDownClass" is-config="true" duration-ms="4" started-at="2019-02-06T09:32:42Z" finished-at="2019-02-06T09:32:42Z">
          <reporter-output>
          </reporter-output>
        </test-method> <!-- tearDownClass -->
      </class> <!-- com.project.CucumberJvmTest -->
    </test> <!-- Surefire test -->
  </suite> <!-- Surefire suite -->
</testng-results>
